<?xml version="1.0" encoding="UTF-8"?>
<!-- Generated by org.testng.reporters.JUnitXMLReporter -->
<testsuite hostname="DESKTOP-DHSQEQD" ignored="0" name="Command line test" tests="6" failures="0" timestamp="2022-06-14T14:52:09 IST" time="0.156" errors="0">
  <testcase name="IOSApp" time="0.016" classname="qaclickacademy.Mavenjava.AppiumTest"/>
  <testcase name="NativeAppAndroid" time="0.0" classname="qaclickacademy.Mavenjava.AppiumTest"/>
  <testcase name="DeleteTwitter" time="0.0" classname="qaclickacademy.Mavenjava.RestApiTest"/>
  <testcase name="PostJira" time="0.0" classname="qaclickacademy.Mavenjava.RestApiTest"/>
  <testcase name="BrowserAutomation" time="0.0" classname="qaclickacademy.Mavenjava.SeleniumTest"/>
  <testcase name="ElementsUi" time="0.0" classname="qaclickacademy.Mavenjava.SeleniumTest"/>
</testsuite> <!-- Command line test -->
