<?xml version="1.0" encoding="UTF-8"?>
<testng-results skipped="0" failed="0" ignored="0" total="6" passed="6">
  <reporter-output>
  </reporter-output>
  <suite name="Command line suite" duration-ms="156" started-at="2022-06-14T14:52:09 IST" finished-at="2022-06-14T14:52:09 IST">
    <groups>
    </groups>
    <test name="Command line test" duration-ms="156" started-at="2022-06-14T14:52:09 IST" finished-at="2022-06-14T14:52:09 IST">
      <class name="qaclickacademy.Mavenjava.AppiumTest">
        <test-method status="PASS" signature="IOSApp()[pri:0, instance:qaclickacademy.Mavenjava.AppiumTest@68bbe345]" name="IOSApp" duration-ms="16" started-at="2022-06-14T14:52:09 IST" finished-at="2022-06-14T14:52:09 IST">
          <reporter-output>
          </reporter-output>
        </test-method> <!-- IOSApp -->
        <test-method status="PASS" signature="NativeAppAndroid()[pri:0, instance:qaclickacademy.Mavenjava.AppiumTest@68bbe345]" name="NativeAppAndroid" duration-ms="0" started-at="2022-06-14T14:52:09 IST" finished-at="2022-06-14T14:52:09 IST">
          <reporter-output>
          </reporter-output>
        </test-method> <!-- NativeAppAndroid -->
      </class> <!-- qaclickacademy.Mavenjava.AppiumTest -->
      <class name="qaclickacademy.Mavenjava.RestApiTest">
        <test-method status="PASS" signature="DeleteTwitter()[pri:0, instance:qaclickacademy.Mavenjava.RestApiTest@4f063c0a]" name="DeleteTwitter" duration-ms="0" started-at="2022-06-14T14:52:09 IST" finished-at="2022-06-14T14:52:09 IST">
          <reporter-output>
          </reporter-output>
        </test-method> <!-- DeleteTwitter -->
        <test-method status="PASS" signature="PostJira()[pri:0, instance:qaclickacademy.Mavenjava.RestApiTest@4f063c0a]" name="PostJira" duration-ms="0" started-at="2022-06-14T14:52:09 IST" finished-at="2022-06-14T14:52:09 IST">
          <reporter-output>
          </reporter-output>
        </test-method> <!-- PostJira -->
      </class> <!-- qaclickacademy.Mavenjava.RestApiTest -->
      <class name="qaclickacademy.Mavenjava.SeleniumTest">
        <test-method status="PASS" signature="BrowserAutomation()[pri:0, instance:qaclickacademy.Mavenjava.SeleniumTest@1e6d1014]" name="BrowserAutomation" duration-ms="0" started-at="2022-06-14T14:52:09 IST" finished-at="2022-06-14T14:52:09 IST">
          <reporter-output>
          </reporter-output>
        </test-method> <!-- BrowserAutomation -->
        <test-method status="PASS" signature="ElementsUi()[pri:0, instance:qaclickacademy.Mavenjava.SeleniumTest@1e6d1014]" name="ElementsUi" duration-ms="0" started-at="2022-06-14T14:52:09 IST" finished-at="2022-06-14T14:52:09 IST">
          <reporter-output>
          </reporter-output>
        </test-method> <!-- ElementsUi -->
      </class> <!-- qaclickacademy.Mavenjava.SeleniumTest -->
    </test> <!-- Command line test -->
  </suite> <!-- Command line suite -->
</testng-results>
