<?xml version="1.0" encoding="UTF-8"?>
<testng-results ignored="0" total="2" passed="2" failed="0" skipped="0">
  <reporter-output>
  </reporter-output>
  <suite started-at="2022-05-07T16:11:32 IST" name="Default suite" finished-at="2022-05-07T16:11:32 IST" duration-ms="279">
    <groups>
    </groups>
    <test started-at="2022-05-07T16:11:32 IST" name="Default test" finished-at="2022-05-07T16:11:32 IST" duration-ms="279">
      <class name="qaclickacademy.Mavenjava.AppiumTest">
        <test-method signature="IOSApp()[pri:0, instance:qaclickacademy.Mavenjava.AppiumTest@6283d8b8]" started-at="2022-05-07T16:11:32 IST" name="IOSApp" finished-at="2022-05-07T16:11:32 IST" duration-ms="32" status="PASS">
          <reporter-output>
          </reporter-output>
        </test-method> <!-- IOSApp -->
        <test-method signature="NativeAppAndroid()[pri:0, instance:qaclickacademy.Mavenjava.AppiumTest@6283d8b8]" started-at="2022-05-07T16:11:32 IST" name="NativeAppAndroid" finished-at="2022-05-07T16:11:32 IST" duration-ms="7" status="PASS">
          <reporter-output>
          </reporter-output>
        </test-method> <!-- NativeAppAndroid -->
      </class> <!-- qaclickacademy.Mavenjava.AppiumTest -->
    </test> <!-- Default test -->
  </suite> <!-- Default suite -->
</testng-results>
